The system is: Darwin - 19.6.0 - x86_64
Compiling the C compiler identification source file "CMakeCCompilerId.c" succeeded.
Compiler: /usr/local/bin/gcc-11 
Build flags: 
Id flags:  

The output was:
0


Compilation of the C compiler identification source "CMakeCCompilerId.c" produced "a.out"

The C compiler identification is GNU, found in "/Users/ellenwang/Desktop/programming-contest-2021/CMakeFiles/3.20.1/CompilerIdC/a.out"

Compiling the CXX compiler identification source file "CMakeCXXCompilerId.cpp" succeeded.
Compiler: /usr/local/bin/g++-11 
Build flags: 
Id flags:  

The output was:
0


Compilation of the CXX compiler identification source "CMakeCXXCompilerId.cpp" produced "a.out"

The CXX compiler identification is GNU, found in "/Users/ellenwang/Desktop/programming-contest-2021/CMakeFiles/3.20.1/CompilerIdCXX/a.out"

Detecting C compiler ABI info compiled with the following output:
Change Dir: /Users/ellenwang/Desktop/programming-contest-2021/CMakeFiles/CMakeTmp

Run Build Command(s):/usr/bin/make -f Makefile cmTC_61df7/fast && /Library/Developer/CommandLineTools/usr/bin/make  -f CMakeFiles/cmTC_61df7.dir/build.make CMakeFiles/cmTC_61df7.dir/build
Building C object CMakeFiles/cmTC_61df7.dir/CMakeCCompilerABI.c.o
/usr/local/bin/gcc-11   -isysroot /Library/Developer/CommandLineTools/SDKs/MacOSX11.1.sdk -mmacosx-version-min=10.15   -v -Wl,-v -o CMakeFiles/cmTC_61df7.dir/CMakeCCompilerABI.c.o -c /usr/local/Cellar/cmake/3.20.1/share/cmake/Modules/CMakeCCompilerABI.c
Using built-in specs.
COLLECT_GCC=/usr/local/bin/gcc-11
Target: x86_64-apple-darwin19
Configured with: ../configure --prefix=/usr/local/Cellar/gcc/11.1.0 --libdir=/usr/local/Cellar/gcc/11.1.0/lib/gcc/11 --disable-nls --enable-checking=release --enable-languages=c,c++,objc,obj-c++,fortran,d --program-suffix=-11 --with-gmp=/usr/local/opt/gmp --with-mpfr=/usr/local/opt/mpfr --with-mpc=/usr/local/opt/libmpc --with-isl=/usr/local/opt/isl --with-pkgversion='Homebrew GCC 11.1.0' --with-bugurl=https://github.com/Homebrew/homebrew-core/issues --enable-libphobos --build=x86_64-apple-darwin19 --with-system-zlib --disable-multilib --with-native-system-header-dir=/usr/include --with-sysroot=/Library/Developer/CommandLineTools/SDKs/MacOSX10.15.sdk
Thread model: posix
Supported LTO compression algorithms: zlib
gcc version 11.1.0 (Homebrew GCC 11.1.0) 
COLLECT_GCC_OPTIONS='-isysroot' '/Library/Developer/CommandLineTools/SDKs/MacOSX11.1.sdk' '-v' '-o' 'CMakeFiles/cmTC_61df7.dir/CMakeCCompilerABI.c.o' '-c' '-mmacosx-version-min=10.15' '-asm_macosx_version_min=10.15' '-mtune=core2' '-dumpdir' 'CMakeFiles/cmTC_61df7.dir/'
 /usr/local/Cellar/gcc/11.1.0/libexec/gcc/x86_64-apple-darwin19/11.1.0/cc1 -quiet -v -D__DYNAMIC__ -isysroot /Library/Developer/CommandLineTools/SDKs/MacOSX11.1.sdk /usr/local/Cellar/cmake/3.20.1/share/cmake/Modules/CMakeCCompilerABI.c -fPIC -quiet -dumpdir CMakeFiles/cmTC_61df7.dir/ -dumpbase CMakeCCompilerABI.c.c -dumpbase-ext .c -mmacosx-version-min=10.15 -mtune=core2 -version -o /var/folders/y6/_cr4wf350mlf969qpv84zjpw0000gn/T//cc6oPokO.s
GNU C17 (Homebrew GCC 11.1.0) version 11.1.0 (x86_64-apple-darwin19)
	compiled by GNU C version 11.1.0, GMP version 6.2.1, MPFR version 4.1.0, MPC version 1.2.1, isl version isl-0.23-GMP

GGC heuristics: --param ggc-min-expand=100 --param ggc-min-heapsize=131072
ignoring nonexistent directory "/Library/Developer/CommandLineTools/SDKs/MacOSX11.1.sdk/usr/local/include"
ignoring nonexistent directory "/usr/local/Cellar/gcc/11.1.0/lib/gcc/11/gcc/x86_64-apple-darwin19/11.1.0/../../../../../../x86_64-apple-darwin19/include"
ignoring nonexistent directory "/Library/Developer/CommandLineTools/SDKs/MacOSX11.1.sdk/Library/Frameworks"
#include "..." search starts here:
#include <...> search starts here:
 /usr/local/Cellar/gcc/11.1.0/lib/gcc/11/gcc/x86_64-apple-darwin19/11.1.0/include
 /usr/local/Cellar/gcc/11.1.0/lib/gcc/11/gcc/x86_64-apple-darwin19/11.1.0/include-fixed
 /Library/Developer/CommandLineTools/SDKs/MacOSX11.1.sdk/usr/include
 /Library/Developer/CommandLineTools/SDKs/MacOSX11.1.sdk/System/Library/Frameworks
End of search list.
GNU C17 (Homebrew GCC 11.1.0) version 11.1.0 (x86_64-apple-darwin19)
	compiled by GNU C version 11.1.0, GMP version 6.2.1, MPFR version 4.1.0, MPC version 1.2.1, isl version isl-0.23-GMP

GGC heuristics: --param ggc-min-expand=100 --param ggc-min-heapsize=131072
Compiler executable checksum: c0cdcff9eee75ee38e1bffbf044c3221
COLLECT_GCC_OPTIONS='-isysroot' '/Library/Developer/CommandLineTools/SDKs/MacOSX11.1.sdk' '-v' '-o' 'CMakeFiles/cmTC_61df7.dir/CMakeCCompilerABI.c.o' '-c' '-mmacosx-version-min=10.15'  '-mtune=core2' '-dumpdir' 'CMakeFiles/cmTC_61df7.dir/'
 as -arch x86_64 -v -force_cpusubtype_ALL -mmacosx-version-min=10.15 -o CMakeFiles/cmTC_61df7.dir/CMakeCCompilerABI.c.o /var/folders/y6/_cr4wf350mlf969qpv84zjpw0000gn/T//cc6oPokO.s
Apple clang version 12.0.0 (clang-1200.0.32.29)
Target: x86_64-apple-darwin19.6.0
Thread model: posix
InstalledDir: /Library/Developer/CommandLineTools/usr/bin
 "/Library/Developer/CommandLineTools/usr/bin/clang" -cc1as -triple x86_64-apple-macosx10.15.0 -filetype obj -main-file-name cc6oPokO.s -target-cpu penryn -fdebug-compilation-dir /Users/ellenwang/Desktop/programming-contest-2021/CMakeFiles/CMakeTmp -dwarf-debug-producer "Apple clang version 12.0.0 (clang-1200.0.32.29)" -dwarf-version=4 -mrelocation-model pic -o CMakeFiles/cmTC_61df7.dir/CMakeCCompilerABI.c.o /var/folders/y6/_cr4wf350mlf969qpv84zjpw0000gn/T//cc6oPokO.s
COMPILER_PATH=/usr/local/Cellar/gcc/11.1.0/libexec/gcc/x86_64-apple-darwin19/11.1.0/:/usr/local/Cellar/gcc/11.1.0/libexec/gcc/x86_64-apple-darwin19/11.1.0/:/usr/local/Cellar/gcc/11.1.0/libexec/gcc/x86_64-apple-darwin19/:/usr/local/Cellar/gcc/11.1.0/lib/gcc/11/gcc/x86_64-apple-darwin19/11.1.0/:/usr/local/Cellar/gcc/11.1.0/lib/gcc/11/gcc/x86_64-apple-darwin19/
LIBRARY_PATH=/usr/local/Cellar/gcc/11.1.0/lib/gcc/11/gcc/x86_64-apple-darwin19/11.1.0/:/usr/local/Cellar/gcc/11.1.0/lib/gcc/11/gcc/x86_64-apple-darwin19/11.1.0/../../../
COLLECT_GCC_OPTIONS='-isysroot' '/Library/Developer/CommandLineTools/SDKs/MacOSX11.1.sdk' '-v' '-o' 'CMakeFiles/cmTC_61df7.dir/CMakeCCompilerABI.c.o' '-c' '-mmacosx-version-min=10.15'  '-mtune=core2' '-dumpdir' 'CMakeFiles/cmTC_61df7.dir/CMakeCCompilerABI.c.'
Linking C executable cmTC_61df7
/usr/local/Cellar/cmake/3.20.1/bin/cmake -E cmake_link_script CMakeFiles/cmTC_61df7.dir/link.txt --verbose=1
/usr/local/bin/gcc-11  -isysroot /Library/Developer/CommandLineTools/SDKs/MacOSX11.1.sdk -mmacosx-version-min=10.15 -Wl,-search_paths_first -Wl,-headerpad_max_install_names  -v -Wl,-v CMakeFiles/cmTC_61df7.dir/CMakeCCompilerABI.c.o -o cmTC_61df7 
Using built-in specs.
COLLECT_GCC=/usr/local/bin/gcc-11
COLLECT_LTO_WRAPPER=/usr/local/Cellar/gcc/11.1.0/libexec/gcc/x86_64-apple-darwin19/11.1.0/lto-wrapper
Target: x86_64-apple-darwin19
Configured with: ../configure --prefix=/usr/local/Cellar/gcc/11.1.0 --libdir=/usr/local/Cellar/gcc/11.1.0/lib/gcc/11 --disable-nls --enable-checking=release --enable-languages=c,c++,objc,obj-c++,fortran,d --program-suffix=-11 --with-gmp=/usr/local/opt/gmp --with-mpfr=/usr/local/opt/mpfr --with-mpc=/usr/local/opt/libmpc --with-isl=/usr/local/opt/isl --with-pkgversion='Homebrew GCC 11.1.0' --with-bugurl=https://github.com/Homebrew/homebrew-core/issues --enable-libphobos --build=x86_64-apple-darwin19 --with-system-zlib --disable-multilib --with-native-system-header-dir=/usr/include --with-sysroot=/Library/Developer/CommandLineTools/SDKs/MacOSX10.15.sdk
Thread model: posix
Supported LTO compression algorithms: zlib
gcc version 11.1.0 (Homebrew GCC 11.1.0) 
COMPILER_PATH=/usr/local/Cellar/gcc/11.1.0/libexec/gcc/x86_64-apple-darwin19/11.1.0/:/usr/local/Cellar/gcc/11.1.0/libexec/gcc/x86_64-apple-darwin19/11.1.0/:/usr/local/Cellar/gcc/11.1.0/libexec/gcc/x86_64-apple-darwin19/:/usr/local/Cellar/gcc/11.1.0/lib/gcc/11/gcc/x86_64-apple-darwin19/11.1.0/:/usr/local/Cellar/gcc/11.1.0/lib/gcc/11/gcc/x86_64-apple-darwin19/
LIBRARY_PATH=/usr/local/Cellar/gcc/11.1.0/lib/gcc/11/gcc/x86_64-apple-darwin19/11.1.0/:/usr/local/Cellar/gcc/11.1.0/lib/gcc/11/gcc/x86_64-apple-darwin19/11.1.0/../../../
COLLECT_GCC_OPTIONS='-isysroot' '/Library/Developer/CommandLineTools/SDKs/MacOSX11.1.sdk' '-v' '-o' 'cmTC_61df7' '-mmacosx-version-min=10.15' '-asm_macosx_version_min=10.15' '-mtune=core2' '-dumpdir' 'cmTC_61df7.'
 /usr/local/Cellar/gcc/11.1.0/libexec/gcc/x86_64-apple-darwin19/11.1.0/collect2 -dynamic -arch x86_64 -macosx_version_min 10.15 -syslibroot /Library/Developer/CommandLineTools/SDKs/MacOSX11.1.sdk -weak_reference_mismatches non-weak -o cmTC_61df7 -L/usr/local/Cellar/gcc/11.1.0/lib/gcc/11/gcc/x86_64-apple-darwin19/11.1.0 -L/usr/local/Cellar/gcc/11.1.0/lib/gcc/11/gcc/x86_64-apple-darwin19/11.1.0/../../.. -search_paths_first -headerpad_max_install_names -v CMakeFiles/cmTC_61df7.dir/CMakeCCompilerABI.c.o -lSystem -lgcc_ext.10.5 -lgcc -lSystem -no_compact_unwind -v
collect2 version 11.1.0
/usr/bin/ld -dynamic -arch x86_64 -macosx_version_min 10.15 -syslibroot /Library/Developer/CommandLineTools/SDKs/MacOSX11.1.sdk -weak_reference_mismatches non-weak -o cmTC_61df7 -L/usr/local/Cellar/gcc/11.1.0/lib/gcc/11/gcc/x86_64-apple-darwin19/11.1.0 -L/usr/local/Cellar/gcc/11.1.0/lib/gcc/11/gcc/x86_64-apple-darwin19/11.1.0/../../.. -search_paths_first -headerpad_max_install_names -v CMakeFiles/cmTC_61df7.dir/CMakeCCompilerABI.c.o -lSystem -lgcc_ext.10.5 -lgcc -lSystem -no_compact_unwind -v
@(#)PROGRAM:ld  PROJECT:ld64-609.8
BUILD 15:07:46 Dec 18 2020
configured to support archs: armv6 armv7 armv7s arm64 arm64e arm64_32 i386 x86_64 x86_64h armv6m armv7k armv7m armv7em
@(#)PROGRAM:ld  PROJECT:ld64-609.8
BUILD 15:07:46 Dec 18 2020
configured to support archs: armv6 armv7 armv7s arm64 arm64e arm64_32 i386 x86_64 x86_64h armv6m armv7k armv7m armv7em
Library search paths:
	/usr/local/Cellar/gcc/11.1.0/lib/gcc/11/gcc/x86_64-apple-darwin19/11.1.0
	/usr/local/Cellar/gcc/11.1.0/lib/gcc/11
	/Library/Developer/CommandLineTools/SDKs/MacOSX11.1.sdk/usr/lib
Framework search paths:
	/Library/Developer/CommandLineTools/SDKs/MacOSX11.1.sdk/System/Library/Frameworks/



Parsed C implicit include dir info from above output: rv=done
  found start of include info
  found start of implicit include info
    add: [/usr/local/Cellar/gcc/11.1.0/lib/gcc/11/gcc/x86_64-apple-darwin19/11.1.0/include]
    add: [/usr/local/Cellar/gcc/11.1.0/lib/gcc/11/gcc/x86_64-apple-darwin19/11.1.0/include-fixed]
    add: [/Library/Developer/CommandLineTools/SDKs/MacOSX11.1.sdk/usr/include]
    add: [/Library/Developer/CommandLineTools/SDKs/MacOSX11.1.sdk/System/Library/Frameworks]
  end of search list found
  collapse include dir [/usr/local/Cellar/gcc/11.1.0/lib/gcc/11/gcc/x86_64-apple-darwin19/11.1.0/include] ==> [/usr/local/Cellar/gcc/11.1.0/lib/gcc/11/gcc/x86_64-apple-darwin19/11.1.0/include]
  collapse include dir [/usr/local/Cellar/gcc/11.1.0/lib/gcc/11/gcc/x86_64-apple-darwin19/11.1.0/include-fixed] ==> [/usr/local/Cellar/gcc/11.1.0/lib/gcc/11/gcc/x86_64-apple-darwin19/11.1.0/include-fixed]
  collapse include dir [/Library/Developer/CommandLineTools/SDKs/MacOSX11.1.sdk/usr/include] ==> [/Library/Developer/CommandLineTools/SDKs/MacOSX11.1.sdk/usr/include]
  collapse include dir [/Library/Developer/CommandLineTools/SDKs/MacOSX11.1.sdk/System/Library/Frameworks] ==> [/Library/Developer/CommandLineTools/SDKs/MacOSX11.1.sdk/System/Library/Frameworks]
  implicit include dirs: [/usr/local/Cellar/gcc/11.1.0/lib/gcc/11/gcc/x86_64-apple-darwin19/11.1.0/include;/usr/local/Cellar/gcc/11.1.0/lib/gcc/11/gcc/x86_64-apple-darwin19/11.1.0/include-fixed;/Library/Developer/CommandLineTools/SDKs/MacOSX11.1.sdk/usr/include;/Library/Developer/CommandLineTools/SDKs/MacOSX11.1.sdk/System/Library/Frameworks]


Parsed C implicit link information from above output:
  link line regex: [^( *|.*[/\])(ld|CMAKE_LINK_STARTFILE-NOTFOUND|([^/\]+-)?ld|collect2)[^/\]*( |$)]
  ignore line: [Change Dir: /Users/ellenwang/Desktop/programming-contest-2021/CMakeFiles/CMakeTmp]
  ignore line: []
  ignore line: [Run Build Command(s):/usr/bin/make -f Makefile cmTC_61df7/fast && /Library/Developer/CommandLineTools/usr/bin/make  -f CMakeFiles/cmTC_61df7.dir/build.make CMakeFiles/cmTC_61df7.dir/build]
  ignore line: [Building C object CMakeFiles/cmTC_61df7.dir/CMakeCCompilerABI.c.o]
  ignore line: [/usr/local/bin/gcc-11   -isysroot /Library/Developer/CommandLineTools/SDKs/MacOSX11.1.sdk -mmacosx-version-min=10.15   -v -Wl -v -o CMakeFiles/cmTC_61df7.dir/CMakeCCompilerABI.c.o -c /usr/local/Cellar/cmake/3.20.1/share/cmake/Modules/CMakeCCompilerABI.c]
  ignore line: [Using built-in specs.]
  ignore line: [COLLECT_GCC=/usr/local/bin/gcc-11]
  ignore line: [Target: x86_64-apple-darwin19]
  ignore line: [Configured with: ../configure --prefix=/usr/local/Cellar/gcc/11.1.0 --libdir=/usr/local/Cellar/gcc/11.1.0/lib/gcc/11 --disable-nls --enable-checking=release --enable-languages=c c++ objc obj-c++ fortran d --program-suffix=-11 --with-gmp=/usr/local/opt/gmp --with-mpfr=/usr/local/opt/mpfr --with-mpc=/usr/local/opt/libmpc --with-isl=/usr/local/opt/isl --with-pkgversion='Homebrew GCC 11.1.0' --with-bugurl=https://github.com/Homebrew/homebrew-core/issues --enable-libphobos --build=x86_64-apple-darwin19 --with-system-zlib --disable-multilib --with-native-system-header-dir=/usr/include --with-sysroot=/Library/Developer/CommandLineTools/SDKs/MacOSX10.15.sdk]
  ignore line: [Thread model: posix]
  ignore line: [Supported LTO compression algorithms: zlib]
  ignore line: [gcc version 11.1.0 (Homebrew GCC 11.1.0) ]
  ignore line: [COLLECT_GCC_OPTIONS='-isysroot' '/Library/Developer/CommandLineTools/SDKs/MacOSX11.1.sdk' '-v' '-o' 'CMakeFiles/cmTC_61df7.dir/CMakeCCompilerABI.c.o' '-c' '-mmacosx-version-min=10.15' '-asm_macosx_version_min=10.15' '-mtune=core2' '-dumpdir' 'CMakeFiles/cmTC_61df7.dir/']
  ignore line: [ /usr/local/Cellar/gcc/11.1.0/libexec/gcc/x86_64-apple-darwin19/11.1.0/cc1 -quiet -v -D__DYNAMIC__ -isysroot /Library/Developer/CommandLineTools/SDKs/MacOSX11.1.sdk /usr/local/Cellar/cmake/3.20.1/share/cmake/Modules/CMakeCCompilerABI.c -fPIC -quiet -dumpdir CMakeFiles/cmTC_61df7.dir/ -dumpbase CMakeCCompilerABI.c.c -dumpbase-ext .c -mmacosx-version-min=10.15 -mtune=core2 -version -o /var/folders/y6/_cr4wf350mlf969qpv84zjpw0000gn/T//cc6oPokO.s]
  ignore line: [GNU C17 (Homebrew GCC 11.1.0) version 11.1.0 (x86_64-apple-darwin19)]
  ignore line: [	compiled by GNU C version 11.1.0  GMP version 6.2.1  MPFR version 4.1.0  MPC version 1.2.1  isl version isl-0.23-GMP]
  ignore line: []
  ignore line: [GGC heuristics: --param ggc-min-expand=100 --param ggc-min-heapsize=131072]
  ignore line: [ignoring nonexistent directory "/Library/Developer/CommandLineTools/SDKs/MacOSX11.1.sdk/usr/local/include"]
  ignore line: [ignoring nonexistent directory "/usr/local/Cellar/gcc/11.1.0/lib/gcc/11/gcc/x86_64-apple-darwin19/11.1.0/../../../../../../x86_64-apple-darwin19/include"]
  ignore line: [ignoring nonexistent directory "/Library/Developer/CommandLineTools/SDKs/MacOSX11.1.sdk/Library/Frameworks"]
  ignore line: [#include "..." search starts here:]
  ignore line: [#include <...> search starts here:]
  ignore line: [ /usr/local/Cellar/gcc/11.1.0/lib/gcc/11/gcc/x86_64-apple-darwin19/11.1.0/include]
  ignore line: [ /usr/local/Cellar/gcc/11.1.0/lib/gcc/11/gcc/x86_64-apple-darwin19/11.1.0/include-fixed]
  ignore line: [ /Library/Developer/CommandLineTools/SDKs/MacOSX11.1.sdk/usr/include]
  ignore line: [ /Library/Developer/CommandLineTools/SDKs/MacOSX11.1.sdk/System/Library/Frameworks]
  ignore line: [End of search list.]
  ignore line: [GNU C17 (Homebrew GCC 11.1.0) version 11.1.0 (x86_64-apple-darwin19)]
  ignore line: [	compiled by GNU C version 11.1.0  GMP version 6.2.1  MPFR version 4.1.0  MPC version 1.2.1  isl version isl-0.23-GMP]
  ignore line: []
  ignore line: [GGC heuristics: --param ggc-min-expand=100 --param ggc-min-heapsize=131072]
  ignore line: [Compiler executable checksum: c0cdcff9eee75ee38e1bffbf044c3221]
  ignore line: [COLLECT_GCC_OPTIONS='-isysroot' '/Library/Developer/CommandLineTools/SDKs/MacOSX11.1.sdk' '-v' '-o' 'CMakeFiles/cmTC_61df7.dir/CMakeCCompilerABI.c.o' '-c' '-mmacosx-version-min=10.15'  '-mtune=core2' '-dumpdir' 'CMakeFiles/cmTC_61df7.dir/']
  ignore line: [ as -arch x86_64 -v -force_cpusubtype_ALL -mmacosx-version-min=10.15 -o CMakeFiles/cmTC_61df7.dir/CMakeCCompilerABI.c.o /var/folders/y6/_cr4wf350mlf969qpv84zjpw0000gn/T//cc6oPokO.s]
  ignore line: [Apple clang version 12.0.0 (clang-1200.0.32.29)]
  ignore line: [Target: x86_64-apple-darwin19.6.0]
  ignore line: [Thread model: posix]
  ignore line: [InstalledDir: /Library/Developer/CommandLineTools/usr/bin]
  ignore line: [ "/Library/Developer/CommandLineTools/usr/bin/clang" -cc1as -triple x86_64-apple-macosx10.15.0 -filetype obj -main-file-name cc6oPokO.s -target-cpu penryn -fdebug-compilation-dir /Users/ellenwang/Desktop/programming-contest-2021/CMakeFiles/CMakeTmp -dwarf-debug-producer "Apple clang version 12.0.0 (clang-1200.0.32.29)" -dwarf-version=4 -mrelocation-model pic -o CMakeFiles/cmTC_61df7.dir/CMakeCCompilerABI.c.o /var/folders/y6/_cr4wf350mlf969qpv84zjpw0000gn/T//cc6oPokO.s]
  ignore line: [COMPILER_PATH=/usr/local/Cellar/gcc/11.1.0/libexec/gcc/x86_64-apple-darwin19/11.1.0/:/usr/local/Cellar/gcc/11.1.0/libexec/gcc/x86_64-apple-darwin19/11.1.0/:/usr/local/Cellar/gcc/11.1.0/libexec/gcc/x86_64-apple-darwin19/:/usr/local/Cellar/gcc/11.1.0/lib/gcc/11/gcc/x86_64-apple-darwin19/11.1.0/:/usr/local/Cellar/gcc/11.1.0/lib/gcc/11/gcc/x86_64-apple-darwin19/]
  ignore line: [LIBRARY_PATH=/usr/local/Cellar/gcc/11.1.0/lib/gcc/11/gcc/x86_64-apple-darwin19/11.1.0/:/usr/local/Cellar/gcc/11.1.0/lib/gcc/11/gcc/x86_64-apple-darwin19/11.1.0/../../../]
  ignore line: [COLLECT_GCC_OPTIONS='-isysroot' '/Library/Developer/CommandLineTools/SDKs/MacOSX11.1.sdk' '-v' '-o' 'CMakeFiles/cmTC_61df7.dir/CMakeCCompilerABI.c.o' '-c' '-mmacosx-version-min=10.15'  '-mtune=core2' '-dumpdir' 'CMakeFiles/cmTC_61df7.dir/CMakeCCompilerABI.c.']
  ignore line: [Linking C executable cmTC_61df7]
  ignore line: [/usr/local/Cellar/cmake/3.20.1/bin/cmake -E cmake_link_script CMakeFiles/cmTC_61df7.dir/link.txt --verbose=1]
  ignore line: [/usr/local/bin/gcc-11  -isysroot /Library/Developer/CommandLineTools/SDKs/MacOSX11.1.sdk -mmacosx-version-min=10.15 -Wl -search_paths_first -Wl -headerpad_max_install_names  -v -Wl -v CMakeFiles/cmTC_61df7.dir/CMakeCCompilerABI.c.o -o cmTC_61df7 ]
  ignore line: [Using built-in specs.]
  ignore line: [COLLECT_GCC=/usr/local/bin/gcc-11]
  ignore line: [COLLECT_LTO_WRAPPER=/usr/local/Cellar/gcc/11.1.0/libexec/gcc/x86_64-apple-darwin19/11.1.0/lto-wrapper]
  ignore line: [Target: x86_64-apple-darwin19]
  ignore line: [Configured with: ../configure --prefix=/usr/local/Cellar/gcc/11.1.0 --libdir=/usr/local/Cellar/gcc/11.1.0/lib/gcc/11 --disable-nls --enable-checking=release --enable-languages=c c++ objc obj-c++ fortran d --program-suffix=-11 --with-gmp=/usr/local/opt/gmp --with-mpfr=/usr/local/opt/mpfr --with-mpc=/usr/local/opt/libmpc --with-isl=/usr/local/opt/isl --with-pkgversion='Homebrew GCC 11.1.0' --with-bugurl=https://github.com/Homebrew/homebrew-core/issues --enable-libphobos --build=x86_64-apple-darwin19 --with-system-zlib --disable-multilib --with-native-system-header-dir=/usr/include --with-sysroot=/Library/Developer/CommandLineTools/SDKs/MacOSX10.15.sdk]
  ignore line: [Thread model: posix]
  ignore line: [Supported LTO compression algorithms: zlib]
  ignore line: [gcc version 11.1.0 (Homebrew GCC 11.1.0) ]
  ignore line: [COMPILER_PATH=/usr/local/Cellar/gcc/11.1.0/libexec/gcc/x86_64-apple-darwin19/11.1.0/:/usr/local/Cellar/gcc/11.1.0/libexec/gcc/x86_64-apple-darwin19/11.1.0/:/usr/local/Cellar/gcc/11.1.0/libexec/gcc/x86_64-apple-darwin19/:/usr/local/Cellar/gcc/11.1.0/lib/gcc/11/gcc/x86_64-apple-darwin19/11.1.0/:/usr/local/Cellar/gcc/11.1.0/lib/gcc/11/gcc/x86_64-apple-darwin19/]
  ignore line: [LIBRARY_PATH=/usr/local/Cellar/gcc/11.1.0/lib/gcc/11/gcc/x86_64-apple-darwin19/11.1.0/:/usr/local/Cellar/gcc/11.1.0/lib/gcc/11/gcc/x86_64-apple-darwin19/11.1.0/../../../]
  ignore line: [COLLECT_GCC_OPTIONS='-isysroot' '/Library/Developer/CommandLineTools/SDKs/MacOSX11.1.sdk' '-v' '-o' 'cmTC_61df7' '-mmacosx-version-min=10.15' '-asm_macosx_version_min=10.15' '-mtune=core2' '-dumpdir' 'cmTC_61df7.']
  link line: [ /usr/local/Cellar/gcc/11.1.0/libexec/gcc/x86_64-apple-darwin19/11.1.0/collect2 -dynamic -arch x86_64 -macosx_version_min 10.15 -syslibroot /Library/Developer/CommandLineTools/SDKs/MacOSX11.1.sdk -weak_reference_mismatches non-weak -o cmTC_61df7 -L/usr/local/Cellar/gcc/11.1.0/lib/gcc/11/gcc/x86_64-apple-darwin19/11.1.0 -L/usr/local/Cellar/gcc/11.1.0/lib/gcc/11/gcc/x86_64-apple-darwin19/11.1.0/../../.. -search_paths_first -headerpad_max_install_names -v CMakeFiles/cmTC_61df7.dir/CMakeCCompilerABI.c.o -lSystem -lgcc_ext.10.5 -lgcc -lSystem -no_compact_unwind -v]
    arg [/usr/local/Cellar/gcc/11.1.0/libexec/gcc/x86_64-apple-darwin19/11.1.0/collect2] ==> ignore
    arg [-dynamic] ==> ignore
    arg [-arch] ==> ignore
    arg [x86_64] ==> ignore
    arg [-macosx_version_min] ==> ignore
    arg [10.15] ==> ignore
    arg [-syslibroot] ==> ignore
    arg [/Library/Developer/CommandLineTools/SDKs/MacOSX11.1.sdk] ==> ignore
    arg [-weak_reference_mismatches] ==> ignore
    arg [non-weak] ==> ignore
    arg [-o] ==> ignore
    arg [cmTC_61df7] ==> ignore
    arg [-L/usr/local/Cellar/gcc/11.1.0/lib/gcc/11/gcc/x86_64-apple-darwin19/11.1.0] ==> dir [/usr/local/Cellar/gcc/11.1.0/lib/gcc/11/gcc/x86_64-apple-darwin19/11.1.0]
    arg [-L/usr/local/Cellar/gcc/11.1.0/lib/gcc/11/gcc/x86_64-apple-darwin19/11.1.0/../../..] ==> dir [/usr/local/Cellar/gcc/11.1.0/lib/gcc/11/gcc/x86_64-apple-darwin19/11.1.0/../../..]
    arg [-search_paths_first] ==> ignore
    arg [-headerpad_max_install_names] ==> ignore
    arg [-v] ==> ignore
    arg [CMakeFiles/cmTC_61df7.dir/CMakeCCompilerABI.c.o] ==> ignore
    arg [-lSystem] ==> lib [System]
    arg [-lgcc_ext.10.5] ==> lib [gcc_ext.10.5]
    arg [-lgcc] ==> lib [gcc]
    arg [-lSystem] ==> lib [System]
    arg [-no_compact_unwind] ==> ignore
    arg [-v] ==> ignore
  Library search paths: [;/usr/local/Cellar/gcc/11.1.0/lib/gcc/11/gcc/x86_64-apple-darwin19/11.1.0;/usr/local/Cellar/gcc/11.1.0/lib/gcc/11;/Library/Developer/CommandLineTools/SDKs/MacOSX11.1.sdk/usr/lib]
  Framework search paths: [;/Library/Developer/CommandLineTools/SDKs/MacOSX11.1.sdk/System/Library/Frameworks/]
  remove lib [System]
  remove lib [System]
  collapse library dir [/usr/local/Cellar/gcc/11.1.0/lib/gcc/11/gcc/x86_64-apple-darwin19/11.1.0] ==> [/usr/local/Cellar/gcc/11.1.0/lib/gcc/11/gcc/x86_64-apple-darwin19/11.1.0]
  collapse library dir [/usr/local/Cellar/gcc/11.1.0/lib/gcc/11/gcc/x86_64-apple-darwin19/11.1.0/../../..] ==> [/usr/local/Cellar/gcc/11.1.0/lib/gcc/11]
  collapse library dir [/usr/local/Cellar/gcc/11.1.0/lib/gcc/11/gcc/x86_64-apple-darwin19/11.1.0] ==> [/usr/local/Cellar/gcc/11.1.0/lib/gcc/11/gcc/x86_64-apple-darwin19/11.1.0]
  collapse library dir [/usr/local/Cellar/gcc/11.1.0/lib/gcc/11] ==> [/usr/local/Cellar/gcc/11.1.0/lib/gcc/11]
  collapse library dir [/Library/Developer/CommandLineTools/SDKs/MacOSX11.1.sdk/usr/lib] ==> [/Library/Developer/CommandLineTools/SDKs/MacOSX11.1.sdk/usr/lib]
  collapse framework dir [/Library/Developer/CommandLineTools/SDKs/MacOSX11.1.sdk/System/Library/Frameworks/] ==> [/Library/Developer/CommandLineTools/SDKs/MacOSX11.1.sdk/System/Library/Frameworks]
  implicit libs: [gcc_ext.10.5;gcc]
  implicit objs: []
  implicit dirs: [/usr/local/Cellar/gcc/11.1.0/lib/gcc/11/gcc/x86_64-apple-darwin19/11.1.0;/usr/local/Cellar/gcc/11.1.0/lib/gcc/11;/Library/Developer/CommandLineTools/SDKs/MacOSX11.1.sdk/usr/lib]
  implicit fwks: [/Library/Developer/CommandLineTools/SDKs/MacOSX11.1.sdk/System/Library/Frameworks]


Detecting CXX compiler ABI info compiled with the following output:
Change Dir: /Users/ellenwang/Desktop/programming-contest-2021/CMakeFiles/CMakeTmp

Run Build Command(s):/usr/bin/make -f Makefile cmTC_8878e/fast && /Library/Developer/CommandLineTools/usr/bin/make  -f CMakeFiles/cmTC_8878e.dir/build.make CMakeFiles/cmTC_8878e.dir/build
Building CXX object CMakeFiles/cmTC_8878e.dir/CMakeCXXCompilerABI.cpp.o
/usr/local/bin/g++-11   -isysroot /Library/Developer/CommandLineTools/SDKs/MacOSX11.1.sdk -mmacosx-version-min=10.15   -v -Wl,-v -o CMakeFiles/cmTC_8878e.dir/CMakeCXXCompilerABI.cpp.o -c /usr/local/Cellar/cmake/3.20.1/share/cmake/Modules/CMakeCXXCompilerABI.cpp
Using built-in specs.
COLLECT_GCC=/usr/local/bin/g++-11
Target: x86_64-apple-darwin19
Configured with: ../configure --prefix=/usr/local/Cellar/gcc/11.1.0 --libdir=/usr/local/Cellar/gcc/11.1.0/lib/gcc/11 --disable-nls --enable-checking=release --enable-languages=c,c++,objc,obj-c++,fortran,d --program-suffix=-11 --with-gmp=/usr/local/opt/gmp --with-mpfr=/usr/local/opt/mpfr --with-mpc=/usr/local/opt/libmpc --with-isl=/usr/local/opt/isl --with-pkgversion='Homebrew GCC 11.1.0' --with-bugurl=https://github.com/Homebrew/homebrew-core/issues --enable-libphobos --build=x86_64-apple-darwin19 --with-system-zlib --disable-multilib --with-native-system-header-dir=/usr/include --with-sysroot=/Library/Developer/CommandLineTools/SDKs/MacOSX10.15.sdk
Thread model: posix
Supported LTO compression algorithms: zlib
gcc version 11.1.0 (Homebrew GCC 11.1.0) 
COLLECT_GCC_OPTIONS='-isysroot' '/Library/Developer/CommandLineTools/SDKs/MacOSX11.1.sdk' '-v' '-o' 'CMakeFiles/cmTC_8878e.dir/CMakeCXXCompilerABI.cpp.o' '-c' '-mmacosx-version-min=10.15' '-asm_macosx_version_min=10.15' '-shared-libgcc' '-mtune=core2' '-dumpdir' 'CMakeFiles/cmTC_8878e.dir/'
 /usr/local/Cellar/gcc/11.1.0/libexec/gcc/x86_64-apple-darwin19/11.1.0/cc1plus -quiet -v -D__DYNAMIC__ -isysroot /Library/Developer/CommandLineTools/SDKs/MacOSX11.1.sdk /usr/local/Cellar/cmake/3.20.1/share/cmake/Modules/CMakeCXXCompilerABI.cpp -fPIC -quiet -dumpdir CMakeFiles/cmTC_8878e.dir/ -dumpbase CMakeCXXCompilerABI.cpp.cpp -dumpbase-ext .cpp -mmacosx-version-min=10.15 -mtune=core2 -version -o /var/folders/y6/_cr4wf350mlf969qpv84zjpw0000gn/T//ccpvXK1O.s
GNU C++17 (Homebrew GCC 11.1.0) version 11.1.0 (x86_64-apple-darwin19)
	compiled by GNU C version 11.1.0, GMP version 6.2.1, MPFR version 4.1.0, MPC version 1.2.1, isl version isl-0.23-GMP

GGC heuristics: --param ggc-min-expand=100 --param ggc-min-heapsize=131072
ignoring nonexistent directory "/Library/Developer/CommandLineTools/SDKs/MacOSX11.1.sdk/usr/local/include"
ignoring nonexistent directory "/usr/local/Cellar/gcc/11.1.0/lib/gcc/11/gcc/x86_64-apple-darwin19/11.1.0/../../../../../../x86_64-apple-darwin19/include"
ignoring nonexistent directory "/Library/Developer/CommandLineTools/SDKs/MacOSX11.1.sdk/Library/Frameworks"
#include "..." search starts here:
#include <...> search starts here:
 /usr/local/Cellar/gcc/11.1.0/lib/gcc/11/gcc/x86_64-apple-darwin19/11.1.0/../../../../../../include/c++/11.1.0
 /usr/local/Cellar/gcc/11.1.0/lib/gcc/11/gcc/x86_64-apple-darwin19/11.1.0/../../../../../../include/c++/11.1.0/x86_64-apple-darwin19
 /usr/local/Cellar/gcc/11.1.0/lib/gcc/11/gcc/x86_64-apple-darwin19/11.1.0/../../../../../../include/c++/11.1.0/backward
 /usr/local/Cellar/gcc/11.1.0/lib/gcc/11/gcc/x86_64-apple-darwin19/11.1.0/include
 /usr/local/Cellar/gcc/11.1.0/lib/gcc/11/gcc/x86_64-apple-darwin19/11.1.0/include-fixed
 /Library/Developer/CommandLineTools/SDKs/MacOSX11.1.sdk/usr/include
 /Library/Developer/CommandLineTools/SDKs/MacOSX11.1.sdk/System/Library/Frameworks
End of search list.
GNU C++17 (Homebrew GCC 11.1.0) version 11.1.0 (x86_64-apple-darwin19)
	compiled by GNU C version 11.1.0, GMP version 6.2.1, MPFR version 4.1.0, MPC version 1.2.1, isl version isl-0.23-GMP

GGC heuristics: --param ggc-min-expand=100 --param ggc-min-heapsize=131072
Compiler executable checksum: 13ffcbfa90c676dc43de828b4a3f6047
COLLECT_GCC_OPTIONS='-isysroot' '/Library/Developer/CommandLineTools/SDKs/MacOSX11.1.sdk' '-v' '-o' 'CMakeFiles/cmTC_8878e.dir/CMakeCXXCompilerABI.cpp.o' '-c' '-mmacosx-version-min=10.15'  '-shared-libgcc' '-mtune=core2' '-dumpdir' 'CMakeFiles/cmTC_8878e.dir/'
 as -arch x86_64 -v -force_cpusubtype_ALL -mmacosx-version-min=10.15 -o CMakeFiles/cmTC_8878e.dir/CMakeCXXCompilerABI.cpp.o /var/folders/y6/_cr4wf350mlf969qpv84zjpw0000gn/T//ccpvXK1O.s
Apple clang version 12.0.0 (clang-1200.0.32.29)
Target: x86_64-apple-darwin19.6.0
Thread model: posix
InstalledDir: /Library/Developer/CommandLineTools/usr/bin
 "/Library/Developer/CommandLineTools/usr/bin/clang" -cc1as -triple x86_64-apple-macosx10.15.0 -filetype obj -main-file-name ccpvXK1O.s -target-cpu penryn -fdebug-compilation-dir /Users/ellenwang/Desktop/programming-contest-2021/CMakeFiles/CMakeTmp -dwarf-debug-producer "Apple clang version 12.0.0 (clang-1200.0.32.29)" -dwarf-version=4 -mrelocation-model pic -o CMakeFiles/cmTC_8878e.dir/CMakeCXXCompilerABI.cpp.o /var/folders/y6/_cr4wf350mlf969qpv84zjpw0000gn/T//ccpvXK1O.s
COMPILER_PATH=/usr/local/Cellar/gcc/11.1.0/libexec/gcc/x86_64-apple-darwin19/11.1.0/:/usr/local/Cellar/gcc/11.1.0/libexec/gcc/x86_64-apple-darwin19/11.1.0/:/usr/local/Cellar/gcc/11.1.0/libexec/gcc/x86_64-apple-darwin19/:/usr/local/Cellar/gcc/11.1.0/lib/gcc/11/gcc/x86_64-apple-darwin19/11.1.0/:/usr/local/Cellar/gcc/11.1.0/lib/gcc/11/gcc/x86_64-apple-darwin19/
LIBRARY_PATH=/usr/local/Cellar/gcc/11.1.0/lib/gcc/11/gcc/x86_64-apple-darwin19/11.1.0/:/usr/local/Cellar/gcc/11.1.0/lib/gcc/11/gcc/x86_64-apple-darwin19/11.1.0/../../../
COLLECT_GCC_OPTIONS='-isysroot' '/Library/Developer/CommandLineTools/SDKs/MacOSX11.1.sdk' '-v' '-o' 'CMakeFiles/cmTC_8878e.dir/CMakeCXXCompilerABI.cpp.o' '-c' '-mmacosx-version-min=10.15'  '-shared-libgcc' '-mtune=core2' '-dumpdir' 'CMakeFiles/cmTC_8878e.dir/CMakeCXXCompilerABI.cpp.'
Linking CXX executable cmTC_8878e
/usr/local/Cellar/cmake/3.20.1/bin/cmake -E cmake_link_script CMakeFiles/cmTC_8878e.dir/link.txt --verbose=1
/usr/local/bin/g++-11  -isysroot /Library/Developer/CommandLineTools/SDKs/MacOSX11.1.sdk -mmacosx-version-min=10.15 -Wl,-search_paths_first -Wl,-headerpad_max_install_names  -v -Wl,-v CMakeFiles/cmTC_8878e.dir/CMakeCXXCompilerABI.cpp.o -o cmTC_8878e 
Using built-in specs.
COLLECT_GCC=/usr/local/bin/g++-11
COLLECT_LTO_WRAPPER=/usr/local/Cellar/gcc/11.1.0/libexec/gcc/x86_64-apple-darwin19/11.1.0/lto-wrapper
Target: x86_64-apple-darwin19
Configured with: ../configure --prefix=/usr/local/Cellar/gcc/11.1.0 --libdir=/usr/local/Cellar/gcc/11.1.0/lib/gcc/11 --disable-nls --enable-checking=release --enable-languages=c,c++,objc,obj-c++,fortran,d --program-suffix=-11 --with-gmp=/usr/local/opt/gmp --with-mpfr=/usr/local/opt/mpfr --with-mpc=/usr/local/opt/libmpc --with-isl=/usr/local/opt/isl --with-pkgversion='Homebrew GCC 11.1.0' --with-bugurl=https://github.com/Homebrew/homebrew-core/issues --enable-libphobos --build=x86_64-apple-darwin19 --with-system-zlib --disable-multilib --with-native-system-header-dir=/usr/include --with-sysroot=/Library/Developer/CommandLineTools/SDKs/MacOSX10.15.sdk
Thread model: posix
Supported LTO compression algorithms: zlib
gcc version 11.1.0 (Homebrew GCC 11.1.0) 
COMPILER_PATH=/usr/local/Cellar/gcc/11.1.0/libexec/gcc/x86_64-apple-darwin19/11.1.0/:/usr/local/Cellar/gcc/11.1.0/libexec/gcc/x86_64-apple-darwin19/11.1.0/:/usr/local/Cellar/gcc/11.1.0/libexec/gcc/x86_64-apple-darwin19/:/usr/local/Cellar/gcc/11.1.0/lib/gcc/11/gcc/x86_64-apple-darwin19/11.1.0/:/usr/local/Cellar/gcc/11.1.0/lib/gcc/11/gcc/x86_64-apple-darwin19/
LIBRARY_PATH=/usr/local/Cellar/gcc/11.1.0/lib/gcc/11/gcc/x86_64-apple-darwin19/11.1.0/:/usr/local/Cellar/gcc/11.1.0/lib/gcc/11/gcc/x86_64-apple-darwin19/11.1.0/../../../
COLLECT_GCC_OPTIONS='-isysroot' '/Library/Developer/CommandLineTools/SDKs/MacOSX11.1.sdk' '-v' '-o' 'cmTC_8878e' '-mmacosx-version-min=10.15' '-asm_macosx_version_min=10.15' '-shared-libgcc' '-mtune=core2' '-dumpdir' 'cmTC_8878e.'
 /usr/local/Cellar/gcc/11.1.0/libexec/gcc/x86_64-apple-darwin19/11.1.0/collect2 -dynamic -arch x86_64 -macosx_version_min 10.15 -syslibroot /Library/Developer/CommandLineTools/SDKs/MacOSX11.1.sdk -weak_reference_mismatches non-weak -o cmTC_8878e -L/usr/local/Cellar/gcc/11.1.0/lib/gcc/11/gcc/x86_64-apple-darwin19/11.1.0 -L/usr/local/Cellar/gcc/11.1.0/lib/gcc/11/gcc/x86_64-apple-darwin19/11.1.0/../../.. -search_paths_first -headerpad_max_install_names -v CMakeFiles/cmTC_8878e.dir/CMakeCXXCompilerABI.cpp.o -lstdc++ -lSystem -lgcc_ext.10.5 -lgcc -lSystem -no_compact_unwind -v
collect2 version 11.1.0
/usr/bin/ld -dynamic -arch x86_64 -macosx_version_min 10.15 -syslibroot /Library/Developer/CommandLineTools/SDKs/MacOSX11.1.sdk -weak_reference_mismatches non-weak -o cmTC_8878e -L/usr/local/Cellar/gcc/11.1.0/lib/gcc/11/gcc/x86_64-apple-darwin19/11.1.0 -L/usr/local/Cellar/gcc/11.1.0/lib/gcc/11/gcc/x86_64-apple-darwin19/11.1.0/../../.. -search_paths_first -headerpad_max_install_names -v CMakeFiles/cmTC_8878e.dir/CMakeCXXCompilerABI.cpp.o -lstdc++ -lSystem -lgcc_ext.10.5 -lgcc -lSystem -no_compact_unwind -v
@(#)PROGRAM:ld  PROJECT:ld64-609.8
BUILD 15:07:46 Dec 18 2020
configured to support archs: armv6 armv7 armv7s arm64 arm64e arm64_32 i386 x86_64 x86_64h armv6m armv7k armv7m armv7em
@(#)PROGRAM:ld  PROJECT:ld64-609.8
BUILD 15:07:46 Dec 18 2020
configured to support archs: armv6 armv7 armv7s arm64 arm64e arm64_32 i386 x86_64 x86_64h armv6m armv7k armv7m armv7em
Library search paths:
	/usr/local/Cellar/gcc/11.1.0/lib/gcc/11/gcc/x86_64-apple-darwin19/11.1.0
	/usr/local/Cellar/gcc/11.1.0/lib/gcc/11
	/Library/Developer/CommandLineTools/SDKs/MacOSX11.1.sdk/usr/lib
Framework search paths:
	/Library/Developer/CommandLineTools/SDKs/MacOSX11.1.sdk/System/Library/Frameworks/



Parsed CXX implicit include dir info from above output: rv=done
  found start of include info
  found start of implicit include info
    add: [/usr/local/Cellar/gcc/11.1.0/lib/gcc/11/gcc/x86_64-apple-darwin19/11.1.0/../../../../../../include/c++/11.1.0]
    add: [/usr/local/Cellar/gcc/11.1.0/lib/gcc/11/gcc/x86_64-apple-darwin19/11.1.0/../../../../../../include/c++/11.1.0/x86_64-apple-darwin19]
    add: [/usr/local/Cellar/gcc/11.1.0/lib/gcc/11/gcc/x86_64-apple-darwin19/11.1.0/../../../../../../include/c++/11.1.0/backward]
    add: [/usr/local/Cellar/gcc/11.1.0/lib/gcc/11/gcc/x86_64-apple-darwin19/11.1.0/include]
    add: [/usr/local/Cellar/gcc/11.1.0/lib/gcc/11/gcc/x86_64-apple-darwin19/11.1.0/include-fixed]
    add: [/Library/Developer/CommandLineTools/SDKs/MacOSX11.1.sdk/usr/include]
    add: [/Library/Developer/CommandLineTools/SDKs/MacOSX11.1.sdk/System/Library/Frameworks]
  end of search list found
  collapse include dir [/usr/local/Cellar/gcc/11.1.0/lib/gcc/11/gcc/x86_64-apple-darwin19/11.1.0/../../../../../../include/c++/11.1.0] ==> [/usr/local/Cellar/gcc/11.1.0/include/c++/11.1.0]
  collapse include dir [/usr/local/Cellar/gcc/11.1.0/lib/gcc/11/gcc/x86_64-apple-darwin19/11.1.0/../../../../../../include/c++/11.1.0/x86_64-apple-darwin19] ==> [/usr/local/Cellar/gcc/11.1.0/include/c++/11.1.0/x86_64-apple-darwin19]
  collapse include dir [/usr/local/Cellar/gcc/11.1.0/lib/gcc/11/gcc/x86_64-apple-darwin19/11.1.0/../../../../../../include/c++/11.1.0/backward] ==> [/usr/local/Cellar/gcc/11.1.0/include/c++/11.1.0/backward]
  collapse include dir [/usr/local/Cellar/gcc/11.1.0/lib/gcc/11/gcc/x86_64-apple-darwin19/11.1.0/include] ==> [/usr/local/Cellar/gcc/11.1.0/lib/gcc/11/gcc/x86_64-apple-darwin19/11.1.0/include]
  collapse include dir [/usr/local/Cellar/gcc/11.1.0/lib/gcc/11/gcc/x86_64-apple-darwin19/11.1.0/include-fixed] ==> [/usr/local/Cellar/gcc/11.1.0/lib/gcc/11/gcc/x86_64-apple-darwin19/11.1.0/include-fixed]
  collapse include dir [/Library/Developer/CommandLineTools/SDKs/MacOSX11.1.sdk/usr/include] ==> [/Library/Developer/CommandLineTools/SDKs/MacOSX11.1.sdk/usr/include]
  collapse include dir [/Library/Developer/CommandLineTools/SDKs/MacOSX11.1.sdk/System/Library/Frameworks] ==> [/Library/Developer/CommandLineTools/SDKs/MacOSX11.1.sdk/System/Library/Frameworks]
  implicit include dirs: [/usr/local/Cellar/gcc/11.1.0/include/c++/11.1.0;/usr/local/Cellar/gcc/11.1.0/include/c++/11.1.0/x86_64-apple-darwin19;/usr/local/Cellar/gcc/11.1.0/include/c++/11.1.0/backward;/usr/local/Cellar/gcc/11.1.0/lib/gcc/11/gcc/x86_64-apple-darwin19/11.1.0/include;/usr/local/Cellar/gcc/11.1.0/lib/gcc/11/gcc/x86_64-apple-darwin19/11.1.0/include-fixed;/Library/Developer/CommandLineTools/SDKs/MacOSX11.1.sdk/usr/include;/Library/Developer/CommandLineTools/SDKs/MacOSX11.1.sdk/System/Library/Frameworks]


Parsed CXX implicit link information from above output:
  link line regex: [^( *|.*[/\])(ld|CMAKE_LINK_STARTFILE-NOTFOUND|([^/\]+-)?ld|collect2)[^/\]*( |$)]
  ignore line: [Change Dir: /Users/ellenwang/Desktop/programming-contest-2021/CMakeFiles/CMakeTmp]
  ignore line: []
  ignore line: [Run Build Command(s):/usr/bin/make -f Makefile cmTC_8878e/fast && /Library/Developer/CommandLineTools/usr/bin/make  -f CMakeFiles/cmTC_8878e.dir/build.make CMakeFiles/cmTC_8878e.dir/build]
  ignore line: [Building CXX object CMakeFiles/cmTC_8878e.dir/CMakeCXXCompilerABI.cpp.o]
  ignore line: [/usr/local/bin/g++-11   -isysroot /Library/Developer/CommandLineTools/SDKs/MacOSX11.1.sdk -mmacosx-version-min=10.15   -v -Wl -v -o CMakeFiles/cmTC_8878e.dir/CMakeCXXCompilerABI.cpp.o -c /usr/local/Cellar/cmake/3.20.1/share/cmake/Modules/CMakeCXXCompilerABI.cpp]
  ignore line: [Using built-in specs.]
  ignore line: [COLLECT_GCC=/usr/local/bin/g++-11]
  ignore line: [Target: x86_64-apple-darwin19]
  ignore line: [Configured with: ../configure --prefix=/usr/local/Cellar/gcc/11.1.0 --libdir=/usr/local/Cellar/gcc/11.1.0/lib/gcc/11 --disable-nls --enable-checking=release --enable-languages=c c++ objc obj-c++ fortran d --program-suffix=-11 --with-gmp=/usr/local/opt/gmp --with-mpfr=/usr/local/opt/mpfr --with-mpc=/usr/local/opt/libmpc --with-isl=/usr/local/opt/isl --with-pkgversion='Homebrew GCC 11.1.0' --with-bugurl=https://github.com/Homebrew/homebrew-core/issues --enable-libphobos --build=x86_64-apple-darwin19 --with-system-zlib --disable-multilib --with-native-system-header-dir=/usr/include --with-sysroot=/Library/Developer/CommandLineTools/SDKs/MacOSX10.15.sdk]
  ignore line: [Thread model: posix]
  ignore line: [Supported LTO compression algorithms: zlib]
  ignore line: [gcc version 11.1.0 (Homebrew GCC 11.1.0) ]
  ignore line: [COLLECT_GCC_OPTIONS='-isysroot' '/Library/Developer/CommandLineTools/SDKs/MacOSX11.1.sdk' '-v' '-o' 'CMakeFiles/cmTC_8878e.dir/CMakeCXXCompilerABI.cpp.o' '-c' '-mmacosx-version-min=10.15' '-asm_macosx_version_min=10.15' '-shared-libgcc' '-mtune=core2' '-dumpdir' 'CMakeFiles/cmTC_8878e.dir/']
  ignore line: [ /usr/local/Cellar/gcc/11.1.0/libexec/gcc/x86_64-apple-darwin19/11.1.0/cc1plus -quiet -v -D__DYNAMIC__ -isysroot /Library/Developer/CommandLineTools/SDKs/MacOSX11.1.sdk /usr/local/Cellar/cmake/3.20.1/share/cmake/Modules/CMakeCXXCompilerABI.cpp -fPIC -quiet -dumpdir CMakeFiles/cmTC_8878e.dir/ -dumpbase CMakeCXXCompilerABI.cpp.cpp -dumpbase-ext .cpp -mmacosx-version-min=10.15 -mtune=core2 -version -o /var/folders/y6/_cr4wf350mlf969qpv84zjpw0000gn/T//ccpvXK1O.s]
  ignore line: [GNU C++17 (Homebrew GCC 11.1.0) version 11.1.0 (x86_64-apple-darwin19)]
  ignore line: [	compiled by GNU C version 11.1.0  GMP version 6.2.1  MPFR version 4.1.0  MPC version 1.2.1  isl version isl-0.23-GMP]
  ignore line: []
  ignore line: [GGC heuristics: --param ggc-min-expand=100 --param ggc-min-heapsize=131072]
  ignore line: [ignoring nonexistent directory "/Library/Developer/CommandLineTools/SDKs/MacOSX11.1.sdk/usr/local/include"]
  ignore line: [ignoring nonexistent directory "/usr/local/Cellar/gcc/11.1.0/lib/gcc/11/gcc/x86_64-apple-darwin19/11.1.0/../../../../../../x86_64-apple-darwin19/include"]
  ignore line: [ignoring nonexistent directory "/Library/Developer/CommandLineTools/SDKs/MacOSX11.1.sdk/Library/Frameworks"]
  ignore line: [#include "..." search starts here:]
  ignore line: [#include <...> search starts here:]
  ignore line: [ /usr/local/Cellar/gcc/11.1.0/lib/gcc/11/gcc/x86_64-apple-darwin19/11.1.0/../../../../../../include/c++/11.1.0]
  ignore line: [ /usr/local/Cellar/gcc/11.1.0/lib/gcc/11/gcc/x86_64-apple-darwin19/11.1.0/../../../../../../include/c++/11.1.0/x86_64-apple-darwin19]
  ignore line: [ /usr/local/Cellar/gcc/11.1.0/lib/gcc/11/gcc/x86_64-apple-darwin19/11.1.0/../../../../../../include/c++/11.1.0/backward]
  ignore line: [ /usr/local/Cellar/gcc/11.1.0/lib/gcc/11/gcc/x86_64-apple-darwin19/11.1.0/include]
  ignore line: [ /usr/local/Cellar/gcc/11.1.0/lib/gcc/11/gcc/x86_64-apple-darwin19/11.1.0/include-fixed]
  ignore line: [ /Library/Developer/CommandLineTools/SDKs/MacOSX11.1.sdk/usr/include]
  ignore line: [ /Library/Developer/CommandLineTools/SDKs/MacOSX11.1.sdk/System/Library/Frameworks]
  ignore line: [End of search list.]
  ignore line: [GNU C++17 (Homebrew GCC 11.1.0) version 11.1.0 (x86_64-apple-darwin19)]
  ignore line: [	compiled by GNU C version 11.1.0  GMP version 6.2.1  MPFR version 4.1.0  MPC version 1.2.1  isl version isl-0.23-GMP]
  ignore line: []
  ignore line: [GGC heuristics: --param ggc-min-expand=100 --param ggc-min-heapsize=131072]
  ignore line: [Compiler executable checksum: 13ffcbfa90c676dc43de828b4a3f6047]
  ignore line: [COLLECT_GCC_OPTIONS='-isysroot' '/Library/Developer/CommandLineTools/SDKs/MacOSX11.1.sdk' '-v' '-o' 'CMakeFiles/cmTC_8878e.dir/CMakeCXXCompilerABI.cpp.o' '-c' '-mmacosx-version-min=10.15'  '-shared-libgcc' '-mtune=core2' '-dumpdir' 'CMakeFiles/cmTC_8878e.dir/']
  ignore line: [ as -arch x86_64 -v -force_cpusubtype_ALL -mmacosx-version-min=10.15 -o CMakeFiles/cmTC_8878e.dir/CMakeCXXCompilerABI.cpp.o /var/folders/y6/_cr4wf350mlf969qpv84zjpw0000gn/T//ccpvXK1O.s]
  ignore line: [Apple clang version 12.0.0 (clang-1200.0.32.29)]
  ignore line: [Target: x86_64-apple-darwin19.6.0]
  ignore line: [Thread model: posix]
  ignore line: [InstalledDir: /Library/Developer/CommandLineTools/usr/bin]
  ignore line: [ "/Library/Developer/CommandLineTools/usr/bin/clang" -cc1as -triple x86_64-apple-macosx10.15.0 -filetype obj -main-file-name ccpvXK1O.s -target-cpu penryn -fdebug-compilation-dir /Users/ellenwang/Desktop/programming-contest-2021/CMakeFiles/CMakeTmp -dwarf-debug-producer "Apple clang version 12.0.0 (clang-1200.0.32.29)" -dwarf-version=4 -mrelocation-model pic -o CMakeFiles/cmTC_8878e.dir/CMakeCXXCompilerABI.cpp.o /var/folders/y6/_cr4wf350mlf969qpv84zjpw0000gn/T//ccpvXK1O.s]
  ignore line: [COMPILER_PATH=/usr/local/Cellar/gcc/11.1.0/libexec/gcc/x86_64-apple-darwin19/11.1.0/:/usr/local/Cellar/gcc/11.1.0/libexec/gcc/x86_64-apple-darwin19/11.1.0/:/usr/local/Cellar/gcc/11.1.0/libexec/gcc/x86_64-apple-darwin19/:/usr/local/Cellar/gcc/11.1.0/lib/gcc/11/gcc/x86_64-apple-darwin19/11.1.0/:/usr/local/Cellar/gcc/11.1.0/lib/gcc/11/gcc/x86_64-apple-darwin19/]
  ignore line: [LIBRARY_PATH=/usr/local/Cellar/gcc/11.1.0/lib/gcc/11/gcc/x86_64-apple-darwin19/11.1.0/:/usr/local/Cellar/gcc/11.1.0/lib/gcc/11/gcc/x86_64-apple-darwin19/11.1.0/../../../]
  ignore line: [COLLECT_GCC_OPTIONS='-isysroot' '/Library/Developer/CommandLineTools/SDKs/MacOSX11.1.sdk' '-v' '-o' 'CMakeFiles/cmTC_8878e.dir/CMakeCXXCompilerABI.cpp.o' '-c' '-mmacosx-version-min=10.15'  '-shared-libgcc' '-mtune=core2' '-dumpdir' 'CMakeFiles/cmTC_8878e.dir/CMakeCXXCompilerABI.cpp.']
  ignore line: [Linking CXX executable cmTC_8878e]
  ignore line: [/usr/local/Cellar/cmake/3.20.1/bin/cmake -E cmake_link_script CMakeFiles/cmTC_8878e.dir/link.txt --verbose=1]
  ignore line: [/usr/local/bin/g++-11  -isysroot /Library/Developer/CommandLineTools/SDKs/MacOSX11.1.sdk -mmacosx-version-min=10.15 -Wl -search_paths_first -Wl -headerpad_max_install_names  -v -Wl -v CMakeFiles/cmTC_8878e.dir/CMakeCXXCompilerABI.cpp.o -o cmTC_8878e ]
  ignore line: [Using built-in specs.]
  ignore line: [COLLECT_GCC=/usr/local/bin/g++-11]
  ignore line: [COLLECT_LTO_WRAPPER=/usr/local/Cellar/gcc/11.1.0/libexec/gcc/x86_64-apple-darwin19/11.1.0/lto-wrapper]
  ignore line: [Target: x86_64-apple-darwin19]
  ignore line: [Configured with: ../configure --prefix=/usr/local/Cellar/gcc/11.1.0 --libdir=/usr/local/Cellar/gcc/11.1.0/lib/gcc/11 --disable-nls --enable-checking=release --enable-languages=c c++ objc obj-c++ fortran d --program-suffix=-11 --with-gmp=/usr/local/opt/gmp --with-mpfr=/usr/local/opt/mpfr --with-mpc=/usr/local/opt/libmpc --with-isl=/usr/local/opt/isl --with-pkgversion='Homebrew GCC 11.1.0' --with-bugurl=https://github.com/Homebrew/homebrew-core/issues --enable-libphobos --build=x86_64-apple-darwin19 --with-system-zlib --disable-multilib --with-native-system-header-dir=/usr/include --with-sysroot=/Library/Developer/CommandLineTools/SDKs/MacOSX10.15.sdk]
  ignore line: [Thread model: posix]
  ignore line: [Supported LTO compression algorithms: zlib]
  ignore line: [gcc version 11.1.0 (Homebrew GCC 11.1.0) ]
  ignore line: [COMPILER_PATH=/usr/local/Cellar/gcc/11.1.0/libexec/gcc/x86_64-apple-darwin19/11.1.0/:/usr/local/Cellar/gcc/11.1.0/libexec/gcc/x86_64-apple-darwin19/11.1.0/:/usr/local/Cellar/gcc/11.1.0/libexec/gcc/x86_64-apple-darwin19/:/usr/local/Cellar/gcc/11.1.0/lib/gcc/11/gcc/x86_64-apple-darwin19/11.1.0/:/usr/local/Cellar/gcc/11.1.0/lib/gcc/11/gcc/x86_64-apple-darwin19/]
  ignore line: [LIBRARY_PATH=/usr/local/Cellar/gcc/11.1.0/lib/gcc/11/gcc/x86_64-apple-darwin19/11.1.0/:/usr/local/Cellar/gcc/11.1.0/lib/gcc/11/gcc/x86_64-apple-darwin19/11.1.0/../../../]
  ignore line: [COLLECT_GCC_OPTIONS='-isysroot' '/Library/Developer/CommandLineTools/SDKs/MacOSX11.1.sdk' '-v' '-o' 'cmTC_8878e' '-mmacosx-version-min=10.15' '-asm_macosx_version_min=10.15' '-shared-libgcc' '-mtune=core2' '-dumpdir' 'cmTC_8878e.']
  link line: [ /usr/local/Cellar/gcc/11.1.0/libexec/gcc/x86_64-apple-darwin19/11.1.0/collect2 -dynamic -arch x86_64 -macosx_version_min 10.15 -syslibroot /Library/Developer/CommandLineTools/SDKs/MacOSX11.1.sdk -weak_reference_mismatches non-weak -o cmTC_8878e -L/usr/local/Cellar/gcc/11.1.0/lib/gcc/11/gcc/x86_64-apple-darwin19/11.1.0 -L/usr/local/Cellar/gcc/11.1.0/lib/gcc/11/gcc/x86_64-apple-darwin19/11.1.0/../../.. -search_paths_first -headerpad_max_install_names -v CMakeFiles/cmTC_8878e.dir/CMakeCXXCompilerABI.cpp.o -lstdc++ -lSystem -lgcc_ext.10.5 -lgcc -lSystem -no_compact_unwind -v]
    arg [/usr/local/Cellar/gcc/11.1.0/libexec/gcc/x86_64-apple-darwin19/11.1.0/collect2] ==> ignore
    arg [-dynamic] ==> ignore
    arg [-arch] ==> ignore
    arg [x86_64] ==> ignore
    arg [-macosx_version_min] ==> ignore
    arg [10.15] ==> ignore
    arg [-syslibroot] ==> ignore
    arg [/Library/Developer/CommandLineTools/SDKs/MacOSX11.1.sdk] ==> ignore
    arg [-weak_reference_mismatches] ==> ignore
    arg [non-weak] ==> ignore
    arg [-o] ==> ignore
    arg [cmTC_8878e] ==> ignore
    arg [-L/usr/local/Cellar/gcc/11.1.0/lib/gcc/11/gcc/x86_64-apple-darwin19/11.1.0] ==> dir [/usr/local/Cellar/gcc/11.1.0/lib/gcc/11/gcc/x86_64-apple-darwin19/11.1.0]
    arg [-L/usr/local/Cellar/gcc/11.1.0/lib/gcc/11/gcc/x86_64-apple-darwin19/11.1.0/../../..] ==> dir [/usr/local/Cellar/gcc/11.1.0/lib/gcc/11/gcc/x86_64-apple-darwin19/11.1.0/../../..]
    arg [-search_paths_first] ==> ignore
    arg [-headerpad_max_install_names] ==> ignore
    arg [-v] ==> ignore
    arg [CMakeFiles/cmTC_8878e.dir/CMakeCXXCompilerABI.cpp.o] ==> ignore
    arg [-lstdc++] ==> lib [stdc++]
    arg [-lSystem] ==> lib [System]
    arg [-lgcc_ext.10.5] ==> lib [gcc_ext.10.5]
    arg [-lgcc] ==> lib [gcc]
    arg [-lSystem] ==> lib [System]
    arg [-no_compact_unwind] ==> ignore
    arg [-v] ==> ignore
  Library search paths: [;/usr/local/Cellar/gcc/11.1.0/lib/gcc/11/gcc/x86_64-apple-darwin19/11.1.0;/usr/local/Cellar/gcc/11.1.0/lib/gcc/11;/Library/Developer/CommandLineTools/SDKs/MacOSX11.1.sdk/usr/lib]
  Framework search paths: [;/Library/Developer/CommandLineTools/SDKs/MacOSX11.1.sdk/System/Library/Frameworks/]
  remove lib [System]
  remove lib [System]
  collapse library dir [/usr/local/Cellar/gcc/11.1.0/lib/gcc/11/gcc/x86_64-apple-darwin19/11.1.0] ==> [/usr/local/Cellar/gcc/11.1.0/lib/gcc/11/gcc/x86_64-apple-darwin19/11.1.0]
  collapse library dir [/usr/local/Cellar/gcc/11.1.0/lib/gcc/11/gcc/x86_64-apple-darwin19/11.1.0/../../..] ==> [/usr/local/Cellar/gcc/11.1.0/lib/gcc/11]
  collapse library dir [/usr/local/Cellar/gcc/11.1.0/lib/gcc/11/gcc/x86_64-apple-darwin19/11.1.0] ==> [/usr/local/Cellar/gcc/11.1.0/lib/gcc/11/gcc/x86_64-apple-darwin19/11.1.0]
  collapse library dir [/usr/local/Cellar/gcc/11.1.0/lib/gcc/11] ==> [/usr/local/Cellar/gcc/11.1.0/lib/gcc/11]
  collapse library dir [/Library/Developer/CommandLineTools/SDKs/MacOSX11.1.sdk/usr/lib] ==> [/Library/Developer/CommandLineTools/SDKs/MacOSX11.1.sdk/usr/lib]
  collapse framework dir [/Library/Developer/CommandLineTools/SDKs/MacOSX11.1.sdk/System/Library/Frameworks/] ==> [/Library/Developer/CommandLineTools/SDKs/MacOSX11.1.sdk/System/Library/Frameworks]
  implicit libs: [stdc++;gcc_ext.10.5;gcc]
  implicit objs: []
  implicit dirs: [/usr/local/Cellar/gcc/11.1.0/lib/gcc/11/gcc/x86_64-apple-darwin19/11.1.0;/usr/local/Cellar/gcc/11.1.0/lib/gcc/11;/Library/Developer/CommandLineTools/SDKs/MacOSX11.1.sdk/usr/lib]
  implicit fwks: [/Library/Developer/CommandLineTools/SDKs/MacOSX11.1.sdk/System/Library/Frameworks]


Determining if the include file pthread.h exists passed with the following output:
Change Dir: /Users/ellenwang/Desktop/programming-contest-2021/CMakeFiles/CMakeTmp

Run Build Command(s):/usr/bin/make -f Makefile cmTC_5c7f2/fast && /Library/Developer/CommandLineTools/usr/bin/make  -f CMakeFiles/cmTC_5c7f2.dir/build.make CMakeFiles/cmTC_5c7f2.dir/build
Building C object CMakeFiles/cmTC_5c7f2.dir/CheckIncludeFile.c.o
/usr/local/bin/gcc-11   -isysroot /Library/Developer/CommandLineTools/SDKs/MacOSX11.1.sdk -mmacosx-version-min=10.15 -o CMakeFiles/cmTC_5c7f2.dir/CheckIncludeFile.c.o -c /Users/ellenwang/Desktop/programming-contest-2021/CMakeFiles/CMakeTmp/CheckIncludeFile.c
Linking C executable cmTC_5c7f2
/usr/local/Cellar/cmake/3.20.1/bin/cmake -E cmake_link_script CMakeFiles/cmTC_5c7f2.dir/link.txt --verbose=1
/usr/local/bin/gcc-11  -isysroot /Library/Developer/CommandLineTools/SDKs/MacOSX11.1.sdk -mmacosx-version-min=10.15 -Wl,-search_paths_first -Wl,-headerpad_max_install_names CMakeFiles/cmTC_5c7f2.dir/CheckIncludeFile.c.o -o cmTC_5c7f2 



Performing C SOURCE FILE Test CMAKE_HAVE_LIBC_PTHREAD succeeded with the following output:
Change Dir: /Users/ellenwang/Desktop/programming-contest-2021/CMakeFiles/CMakeTmp

Run Build Command(s):/usr/bin/make -f Makefile cmTC_980ee/fast && /Library/Developer/CommandLineTools/usr/bin/make  -f CMakeFiles/cmTC_980ee.dir/build.make CMakeFiles/cmTC_980ee.dir/build
Building C object CMakeFiles/cmTC_980ee.dir/src.c.o
/usr/local/bin/gcc-11 -DCMAKE_HAVE_LIBC_PTHREAD  -isysroot /Library/Developer/CommandLineTools/SDKs/MacOSX11.1.sdk -mmacosx-version-min=10.15 -o CMakeFiles/cmTC_980ee.dir/src.c.o -c /Users/ellenwang/Desktop/programming-contest-2021/CMakeFiles/CMakeTmp/src.c
Linking C executable cmTC_980ee
/usr/local/Cellar/cmake/3.20.1/bin/cmake -E cmake_link_script CMakeFiles/cmTC_980ee.dir/link.txt --verbose=1
/usr/local/bin/gcc-11  -isysroot /Library/Developer/CommandLineTools/SDKs/MacOSX11.1.sdk -mmacosx-version-min=10.15 -Wl,-search_paths_first -Wl,-headerpad_max_install_names CMakeFiles/cmTC_980ee.dir/src.c.o -o cmTC_980ee 


Source file was:
#include <pthread.h>

static void* test_func(void* data)
{
  return data;
}

int main(void)
{
  pthread_t thread;
  pthread_create(&thread, NULL, test_func, NULL);
  pthread_detach(thread);
  pthread_cancel(thread);
  pthread_join(thread, NULL);
  pthread_atfork(NULL, NULL, NULL);
  pthread_exit(NULL);

  return 0;
}

